<?xml version="1.0" encoding="UTF-8"?>
<testsuite xmlns:xsi="http://www.w3.org/2001/XMLSchema-instance" xsi:noNamespaceSchemaLocation="https://maven.apache.org/surefire/maven-surefire-plugin/xsd/surefire-test-report.xsd" name="com.pcwk.ehr.JUnitUserDaoTest" time="1.717" tests="4" errors="0" skipped="1" failures="3">
  <properties>
[...]
</properties>
  <testcase name="getAll" classname="com.pcwk.ehr.JUnitUserDaoTest" time="0.668">
    <failure message="expected:&lt;0&gt; but was:&lt;2&gt;" type="java.lang.AssertionError"><![CDATA[java.lang.AssertionError: expected:<0> but was:<2>
	at com.pcwk.ehr.JUnitUserDaoTest.getAll(JUnitUserDaoTest.java:116)
]]></failure>
    <system-out><![CDATA[[2022-06-10 12:33:18.087] INFO  AbstractTestContextBootstrapper.getDefaultTestExecutionListenerClassNames(AbstractTestContextBootstrapper.java:245) - Loaded default TestExecutionListener class names from location [META-INF/spring.factories]: [org.springframework.test.context.web.ServletTestExecutionListener, org.springframework.test.context.support.DirtiesContextBeforeModesTestExecutionListener, org.springframework.test.context.event.ApplicationEventsTestExecutionListener, org.springframework.test.context.support.DependencyInjectionTestExecutionListener, org.springframework.test.context.support.DirtiesContextTestExecutionListener, org.springframework.test.context.transaction.TransactionalTestExecutionListener, org.springframework.test.context.jdbc.SqlScriptsTestExecutionListener, org.springframework.test.context.event.EventPublishingTestExecutionListener]
[2022-06-10 12:33:18.098] INFO  AbstractTestContextBootstrapper.getTestExecutionListeners(AbstractTestContextBootstrapper.java:174) - Using TestExecutionListeners: [org.springframework.test.context.support.DirtiesContextBeforeModesTestExecutionListener@13b13b5d, org.springframework.test.context.event.ApplicationEventsTestExecutionListener@2892dae4, org.springframework.test.context.support.DependencyInjectionTestExecutionListener@355ce81c, org.springframework.test.context.support.DirtiesContextTestExecutionListener@29647f75, org.springframework.test.context.transaction.TransactionalTestExecutionListener@3315d2d7, org.springframework.test.context.jdbc.SqlScriptsTestExecutionListener@d6e7bab, org.springframework.test.context.event.EventPublishingTestExecutionListener@5fa07e12]
[2022-06-10 12:33:18.367] DEBUG JUnitUserDaoTest.setUp(JUnitUserDaoTest.java:37) - =====================
[2022-06-10 12:33:18.367] DEBUG JUnitUserDaoTest.setUp(JUnitUserDaoTest.java:38) - =0. setUp()=
[2022-06-10 12:33:18.367] DEBUG JUnitUserDaoTest.setUp(JUnitUserDaoTest.java:39) - =====================
[2022-06-10 12:33:18.369] DEBUG JUnitUserDaoTest.setUp(JUnitUserDaoTest.java:48) - context: org.springframework.context.support.GenericApplicationContext@212b5695, started on Fri Jun 10 12:33:18 KST 2022
[2022-06-10 12:33:18.369] DEBUG JUnitUserDaoTest.setUp(JUnitUserDaoTest.java:49) - dao: com.pcwk.ehr.UserDaoImpl@36060e
[2022-06-10 12:33:18.370] DEBUG UserDaoImpl.doDelete(UserDaoImpl.java:66) - ==============================
[2022-06-10 12:33:18.370] DEBUG UserDaoImpl.doDelete(UserDaoImpl.java:67) - =param: UserVO [uId=p77, name=박훈, passwd=4321, level=BASIC, login=1, recommend=0, email=qkrgns0514@naver.com, regDt=날짜_사용안함, toString()=com.pcwk.ehr.UserVO@be68757]
[2022-06-10 12:33:18.370] DEBUG UserDaoImpl.doDelete(UserDaoImpl.java:68) - =sql: 
DELETE FROM hr_member      
WHERE  u_id = 	?         

[2022-06-10 12:33:18.370] DEBUG UserDaoImpl.doDelete(UserDaoImpl.java:69) - ==============================
[2022-06-10 12:33:18.370] DEBUG UserDaoImpl.doDelete(UserDaoImpl.java:74) - =Object param: p77
[2022-06-10 12:33:18.834] DEBUG UserDaoImpl.doDelete(UserDaoImpl.java:78) - =flag: 1
[2022-06-10 12:33:18.834] DEBUG UserDaoImpl.doDelete(UserDaoImpl.java:66) - ==============================
[2022-06-10 12:33:18.834] DEBUG UserDaoImpl.doDelete(UserDaoImpl.java:67) - =param: UserVO [uId=p770, name=박훈0, passwd=4321, level=SILVER, login=50, recommend=2, email=qkrgns0514@naver.com, regDt=날짜_사용안함, toString()=com.pcwk.ehr.UserVO@1643d68f]
[2022-06-10 12:33:18.835] DEBUG UserDaoImpl.doDelete(UserDaoImpl.java:68) - =sql: 
DELETE FROM hr_member      
WHERE  u_id = 	?         

[2022-06-10 12:33:18.835] DEBUG UserDaoImpl.doDelete(UserDaoImpl.java:69) - ==============================
[2022-06-10 12:33:18.835] DEBUG UserDaoImpl.doDelete(UserDaoImpl.java:74) - =Object param: p770
[2022-06-10 12:33:18.884] DEBUG UserDaoImpl.doDelete(UserDaoImpl.java:78) - =flag: 1
[2022-06-10 12:33:18.884] DEBUG UserDaoImpl.doDelete(UserDaoImpl.java:66) - ==============================
[2022-06-10 12:33:18.885] DEBUG UserDaoImpl.doDelete(UserDaoImpl.java:67) - =param: UserVO [uId=p7700, name=박훈00, passwd=4321, level=GOLD, login=100, recommend=31, email=qkrgns0514@naver.com, regDt=날짜_사용안함, toString()=com.pcwk.ehr.UserVO@482d776b]
[2022-06-10 12:33:18.885] DEBUG UserDaoImpl.doDelete(UserDaoImpl.java:68) - =sql: 
DELETE FROM hr_member      
WHERE  u_id = 	?         

[2022-06-10 12:33:18.885] DEBUG UserDaoImpl.doDelete(UserDaoImpl.java:69) - ==============================
[2022-06-10 12:33:18.885] DEBUG UserDaoImpl.doDelete(UserDaoImpl.java:74) - =Object param: p7700
[2022-06-10 12:33:18.932] DEBUG UserDaoImpl.doDelete(UserDaoImpl.java:78) - =flag: 1
[2022-06-10 12:33:18.932] DEBUG UserDaoImpl.getCount(UserDaoImpl.java:154) - ==============================
[2022-06-10 12:33:18.932] DEBUG UserDaoImpl.getCount(UserDaoImpl.java:155) - =param: UserVO [uId=p77, name=박훈, passwd=4321, level=BASIC, login=1, recommend=0, email=qkrgns0514@naver.com, regDt=날짜_사용안함, toString()=com.pcwk.ehr.UserVO@be68757]
[2022-06-10 12:33:18.932] DEBUG UserDaoImpl.getCount(UserDaoImpl.java:156) - =sql: 
SELECT COUNT(*) AS cnt 	
FROM hr_member         	
WHERE u_id LIKE ? || '%'	

[2022-06-10 12:33:18.932] DEBUG UserDaoImpl.getCount(UserDaoImpl.java:157) - ==============================
[2022-06-10 12:33:18.932] DEBUG UserDaoImpl.getCount(UserDaoImpl.java:159) - =Object param:p77
[2022-06-10 12:33:19.025] DEBUG UserDaoImpl.getCount(UserDaoImpl.java:162) - ==============================
[2022-06-10 12:33:19.025] DEBUG UserDaoImpl.getCount(UserDaoImpl.java:163) - =count: 2
[2022-06-10 12:33:19.025] DEBUG UserDaoImpl.getCount(UserDaoImpl.java:164) - ==============================
[2022-06-10 12:33:19.027] DEBUG JUnitUserDaoTest.tearDown(JUnitUserDaoTest.java:202) - =====================
[2022-06-10 12:33:19.027] DEBUG JUnitUserDaoTest.tearDown(JUnitUserDaoTest.java:203) - =9. tearDown()=
[2022-06-10 12:33:19.027] DEBUG JUnitUserDaoTest.tearDown(JUnitUserDaoTest.java:204) - =====================
]]></system-out>
  </testcase>
  <testcase name="addAndGet" classname="com.pcwk.ehr.JUnitUserDaoTest" time="0.189">
    <failure message="expected:&lt;0&gt; but was:&lt;2&gt;" type="java.lang.AssertionError"><![CDATA[java.lang.AssertionError: expected:<0> but was:<2>
	at com.pcwk.ehr.JUnitUserDaoTest.addAndGet(JUnitUserDaoTest.java:145)
]]></failure>
    <system-out><![CDATA[[2022-06-10 12:33:19.031] DEBUG JUnitUserDaoTest.setUp(JUnitUserDaoTest.java:37) - =====================
[2022-06-10 12:33:19.031] DEBUG JUnitUserDaoTest.setUp(JUnitUserDaoTest.java:38) - =0. setUp()=
[2022-06-10 12:33:19.031] DEBUG JUnitUserDaoTest.setUp(JUnitUserDaoTest.java:39) - =====================
[2022-06-10 12:33:19.031] DEBUG JUnitUserDaoTest.setUp(JUnitUserDaoTest.java:48) - context: org.springframework.context.support.GenericApplicationContext@212b5695, started on Fri Jun 10 12:33:18 KST 2022
[2022-06-10 12:33:19.031] DEBUG JUnitUserDaoTest.setUp(JUnitUserDaoTest.java:49) - dao: com.pcwk.ehr.UserDaoImpl@36060e
[2022-06-10 12:33:19.031] DEBUG JUnitUserDaoTest.addAndGet(JUnitUserDaoTest.java:135) - =====================
[2022-06-10 12:33:19.031] DEBUG JUnitUserDaoTest.addAndGet(JUnitUserDaoTest.java:136) - =1. addAndGet()=
[2022-06-10 12:33:19.031] DEBUG JUnitUserDaoTest.addAndGet(JUnitUserDaoTest.java:137) - =====================
[2022-06-10 12:33:19.031] DEBUG UserDaoImpl.doDelete(UserDaoImpl.java:66) - ==============================
[2022-06-10 12:33:19.032] DEBUG UserDaoImpl.doDelete(UserDaoImpl.java:67) - =param: UserVO [uId=p77, name=박훈, passwd=4321, level=BASIC, login=1, recommend=0, email=qkrgns0514@naver.com, regDt=날짜_사용안함, toString()=com.pcwk.ehr.UserVO@2af616d3]
[2022-06-10 12:33:19.032] DEBUG UserDaoImpl.doDelete(UserDaoImpl.java:68) - =sql: 
DELETE FROM hr_member      
WHERE  u_id = 	?         

[2022-06-10 12:33:19.032] DEBUG UserDaoImpl.doDelete(UserDaoImpl.java:69) - ==============================
[2022-06-10 12:33:19.032] DEBUG UserDaoImpl.doDelete(UserDaoImpl.java:74) - =Object param: p77
[2022-06-10 12:33:19.076] DEBUG UserDaoImpl.doDelete(UserDaoImpl.java:78) - =flag: 0
[2022-06-10 12:33:19.076] DEBUG UserDaoImpl.doDelete(UserDaoImpl.java:66) - ==============================
[2022-06-10 12:33:19.076] DEBUG UserDaoImpl.doDelete(UserDaoImpl.java:67) - =param: UserVO [uId=p770, name=박훈0, passwd=4321, level=SILVER, login=50, recommend=2, email=qkrgns0514@naver.com, regDt=날짜_사용안함, toString()=com.pcwk.ehr.UserVO@62d363ab]
[2022-06-10 12:33:19.076] DEBUG UserDaoImpl.doDelete(UserDaoImpl.java:68) - =sql: 
DELETE FROM hr_member      
WHERE  u_id = 	?         

[2022-06-10 12:33:19.076] DEBUG UserDaoImpl.doDelete(UserDaoImpl.java:69) - ==============================
[2022-06-10 12:33:19.076] DEBUG UserDaoImpl.doDelete(UserDaoImpl.java:74) - =Object param: p770
[2022-06-10 12:33:19.122] DEBUG UserDaoImpl.doDelete(UserDaoImpl.java:78) - =flag: 0
[2022-06-10 12:33:19.122] DEBUG UserDaoImpl.doDelete(UserDaoImpl.java:66) - ==============================
[2022-06-10 12:33:19.122] DEBUG UserDaoImpl.doDelete(UserDaoImpl.java:67) - =param: UserVO [uId=p7700, name=박훈00, passwd=4321, level=GOLD, login=100, recommend=31, email=qkrgns0514@naver.com, regDt=날짜_사용안함, toString()=com.pcwk.ehr.UserVO@27cf3151]
[2022-06-10 12:33:19.122] DEBUG UserDaoImpl.doDelete(UserDaoImpl.java:68) - =sql: 
DELETE FROM hr_member      
WHERE  u_id = 	?         

[2022-06-10 12:33:19.122] DEBUG UserDaoImpl.doDelete(UserDaoImpl.java:69) - ==============================
[2022-06-10 12:33:19.122] DEBUG UserDaoImpl.doDelete(UserDaoImpl.java:74) - =Object param: p7700
[2022-06-10 12:33:19.166] DEBUG UserDaoImpl.doDelete(UserDaoImpl.java:78) - =flag: 0
[2022-06-10 12:33:19.166] DEBUG UserDaoImpl.getCount(UserDaoImpl.java:154) - ==============================
[2022-06-10 12:33:19.166] DEBUG UserDaoImpl.getCount(UserDaoImpl.java:155) - =param: UserVO [uId=p77, name=박훈, passwd=4321, level=BASIC, login=1, recommend=0, email=qkrgns0514@naver.com, regDt=날짜_사용안함, toString()=com.pcwk.ehr.UserVO@2af616d3]
[2022-06-10 12:33:19.166] DEBUG UserDaoImpl.getCount(UserDaoImpl.java:156) - =sql: 
SELECT COUNT(*) AS cnt 	
FROM hr_member         	
WHERE u_id LIKE ? || '%'	

[2022-06-10 12:33:19.166] DEBUG UserDaoImpl.getCount(UserDaoImpl.java:157) - ==============================
[2022-06-10 12:33:19.166] DEBUG UserDaoImpl.getCount(UserDaoImpl.java:159) - =Object param:p77
[2022-06-10 12:33:19.219] DEBUG UserDaoImpl.getCount(UserDaoImpl.java:162) - ==============================
[2022-06-10 12:33:19.219] DEBUG UserDaoImpl.getCount(UserDaoImpl.java:163) - =count: 2
[2022-06-10 12:33:19.219] DEBUG UserDaoImpl.getCount(UserDaoImpl.java:164) - ==============================
[2022-06-10 12:33:19.219] DEBUG JUnitUserDaoTest.tearDown(JUnitUserDaoTest.java:202) - =====================
[2022-06-10 12:33:19.220] DEBUG JUnitUserDaoTest.tearDown(JUnitUserDaoTest.java:203) - =9. tearDown()=
[2022-06-10 12:33:19.220] DEBUG JUnitUserDaoTest.tearDown(JUnitUserDaoTest.java:204) - =====================
]]></system-out>
  </testcase>
  <testcase name="getFailure" classname="com.pcwk.ehr.JUnitUserDaoTest" time="0">
    <skipped/>
  </testcase>
  <testcase name="doUpdate" classname="com.pcwk.ehr.JUnitUserDaoTest" time="0.179">
    <failure message="expected:&lt;0&gt; but was:&lt;2&gt;" type="java.lang.AssertionError"><![CDATA[java.lang.AssertionError: expected:<0> but was:<2>
	at com.pcwk.ehr.JUnitUserDaoTest.doUpdate(JUnitUserDaoTest.java:72)
]]></failure>
    <system-out><![CDATA[[2022-06-10 12:33:19.221] DEBUG JUnitUserDaoTest.setUp(JUnitUserDaoTest.java:37) - =====================
[2022-06-10 12:33:19.221] DEBUG JUnitUserDaoTest.setUp(JUnitUserDaoTest.java:38) - =0. setUp()=
[2022-06-10 12:33:19.221] DEBUG JUnitUserDaoTest.setUp(JUnitUserDaoTest.java:39) - =====================
[2022-06-10 12:33:19.221] DEBUG JUnitUserDaoTest.setUp(JUnitUserDaoTest.java:48) - context: org.springframework.context.support.GenericApplicationContext@212b5695, started on Fri Jun 10 12:33:18 KST 2022
[2022-06-10 12:33:19.222] DEBUG JUnitUserDaoTest.setUp(JUnitUserDaoTest.java:49) - dao: com.pcwk.ehr.UserDaoImpl@36060e
[2022-06-10 12:33:19.222] DEBUG UserDaoImpl.doDelete(UserDaoImpl.java:66) - ==============================
[2022-06-10 12:33:19.222] DEBUG UserDaoImpl.doDelete(UserDaoImpl.java:67) - =param: UserVO [uId=p77, name=박훈, passwd=4321, level=BASIC, login=1, recommend=0, email=qkrgns0514@naver.com, regDt=날짜_사용안함, toString()=com.pcwk.ehr.UserVO@bc57b40]
[2022-06-10 12:33:19.222] DEBUG UserDaoImpl.doDelete(UserDaoImpl.java:68) - =sql: 
DELETE FROM hr_member      
WHERE  u_id = 	?         

[2022-06-10 12:33:19.222] DEBUG UserDaoImpl.doDelete(UserDaoImpl.java:69) - ==============================
[2022-06-10 12:33:19.222] DEBUG UserDaoImpl.doDelete(UserDaoImpl.java:74) - =Object param: p77
[2022-06-10 12:33:19.264] DEBUG UserDaoImpl.doDelete(UserDaoImpl.java:78) - =flag: 0
[2022-06-10 12:33:19.264] DEBUG UserDaoImpl.doDelete(UserDaoImpl.java:66) - ==============================
[2022-06-10 12:33:19.264] DEBUG UserDaoImpl.doDelete(UserDaoImpl.java:67) - =param: UserVO [uId=p770, name=박훈0, passwd=4321, level=SILVER, login=50, recommend=2, email=qkrgns0514@naver.com, regDt=날짜_사용안함, toString()=com.pcwk.ehr.UserVO@1494b84d]
[2022-06-10 12:33:19.264] DEBUG UserDaoImpl.doDelete(UserDaoImpl.java:68) - =sql: 
DELETE FROM hr_member      
WHERE  u_id = 	?         

[2022-06-10 12:33:19.265] DEBUG UserDaoImpl.doDelete(UserDaoImpl.java:69) - ==============================
[2022-06-10 12:33:19.265] DEBUG UserDaoImpl.doDelete(UserDaoImpl.java:74) - =Object param: p770
[2022-06-10 12:33:19.309] DEBUG UserDaoImpl.doDelete(UserDaoImpl.java:78) - =flag: 0
[2022-06-10 12:33:19.309] DEBUG UserDaoImpl.doDelete(UserDaoImpl.java:66) - ==============================
[2022-06-10 12:33:19.309] DEBUG UserDaoImpl.doDelete(UserDaoImpl.java:67) - =param: UserVO [uId=p7700, name=박훈00, passwd=4321, level=GOLD, login=100, recommend=31, email=qkrgns0514@naver.com, regDt=날짜_사용안함, toString()=com.pcwk.ehr.UserVO@4628b1d3]
[2022-06-10 12:33:19.309] DEBUG UserDaoImpl.doDelete(UserDaoImpl.java:68) - =sql: 
DELETE FROM hr_member      
WHERE  u_id = 	?         

[2022-06-10 12:33:19.309] DEBUG UserDaoImpl.doDelete(UserDaoImpl.java:69) - ==============================
[2022-06-10 12:33:19.309] DEBUG UserDaoImpl.doDelete(UserDaoImpl.java:74) - =Object param: p7700
[2022-06-10 12:33:19.356] DEBUG UserDaoImpl.doDelete(UserDaoImpl.java:78) - =flag: 0
[2022-06-10 12:33:19.356] DEBUG UserDaoImpl.getCount(UserDaoImpl.java:154) - ==============================
[2022-06-10 12:33:19.356] DEBUG UserDaoImpl.getCount(UserDaoImpl.java:155) - =param: UserVO [uId=p77, name=박훈, passwd=4321, level=BASIC, login=1, recommend=0, email=qkrgns0514@naver.com, regDt=날짜_사용안함, toString()=com.pcwk.ehr.UserVO@bc57b40]
[2022-06-10 12:33:19.356] DEBUG UserDaoImpl.getCount(UserDaoImpl.java:156) - =sql: 
SELECT COUNT(*) AS cnt 	
FROM hr_member         	
WHERE u_id LIKE ? || '%'	

[2022-06-10 12:33:19.356] DEBUG UserDaoImpl.getCount(UserDaoImpl.java:157) - ==============================
[2022-06-10 12:33:19.356] DEBUG UserDaoImpl.getCount(UserDaoImpl.java:159) - =Object param:p77
[2022-06-10 12:33:19.399] DEBUG UserDaoImpl.getCount(UserDaoImpl.java:162) - ==============================
[2022-06-10 12:33:19.399] DEBUG UserDaoImpl.getCount(UserDaoImpl.java:163) - =count: 2
[2022-06-10 12:33:19.399] DEBUG UserDaoImpl.getCount(UserDaoImpl.java:164) - ==============================
[2022-06-10 12:33:19.399] DEBUG JUnitUserDaoTest.tearDown(JUnitUserDaoTest.java:202) - =====================
[2022-06-10 12:33:19.399] DEBUG JUnitUserDaoTest.tearDown(JUnitUserDaoTest.java:203) - =9. tearDown()=
[2022-06-10 12:33:19.399] DEBUG JUnitUserDaoTest.tearDown(JUnitUserDaoTest.java:204) - =====================
]]></system-out>
  </testcase>
</testsuite>