[2022-06-13 09:16:56.677] INFO  AbstractTestContextBootstrapper.getDefaultTestExecutionListenerClassNames(AbstractTestContextBootstrapper.java:245) - Loaded default TestExecutionListener class names from location [META-INF/spring.factories]: [org.springframework.test.context.web.ServletTestExecutionListener, org.springframework.test.context.support.DirtiesContextBeforeModesTestExecutionListener, org.springframework.test.context.event.ApplicationEventsTestExecutionListener, org.springframework.test.context.support.DependencyInjectionTestExecutionListener, org.springframework.test.context.support.DirtiesContextTestExecutionListener, org.springframework.test.context.transaction.TransactionalTestExecutionListener, org.springframework.test.context.jdbc.SqlScriptsTestExecutionListener, org.springframework.test.context.event.EventPublishingTestExecutionListener]
[2022-06-13 09:16:56.696] INFO  AbstractTestContextBootstrapper.getTestExecutionListeners(AbstractTestContextBootstrapper.java:174) - Using TestExecutionListeners: [org.springframework.test.context.support.DirtiesContextBeforeModesTestExecutionListener@3a52dba3, org.springframework.test.context.event.ApplicationEventsTestExecutionListener@2a5c8d3f, org.springframework.test.context.support.DependencyInjectionTestExecutionListener@752325ad, org.springframework.test.context.support.DirtiesContextTestExecutionListener@279fedbd, org.springframework.test.context.transaction.TransactionalTestExecutionListener@b3ca52e, org.springframework.test.context.jdbc.SqlScriptsTestExecutionListener@45c7e403, org.springframework.test.context.event.EventPublishingTestExecutionListener@2925bf5b]
[2022-06-13 09:16:57.047] DEBUG AspectJBeforeTest.setUp(AspectJBeforeTest.java:29) - =====================
[2022-06-13 09:16:57.047] DEBUG AspectJBeforeTest.setUp(AspectJBeforeTest.java:30) - =0.setUp()=
[2022-06-13 09:16:57.047] DEBUG AspectJBeforeTest.setUp(AspectJBeforeTest.java:31) - =====================
[2022-06-13 09:16:57.050] DEBUG AspectJBeforeTest.setUp(AspectJBeforeTest.java:32) - context:org.springframework.context.support.GenericApplicationContext@2898ac89, started on Mon Jun 13 09:16:56 KST 2022
[2022-06-13 09:17:15.940] INFO  AbstractTestContextBootstrapper.getDefaultTestExecutionListenerClassNames(AbstractTestContextBootstrapper.java:245) - Loaded default TestExecutionListener class names from location [META-INF/spring.factories]: [org.springframework.test.context.web.ServletTestExecutionListener, org.springframework.test.context.support.DirtiesContextBeforeModesTestExecutionListener, org.springframework.test.context.event.ApplicationEventsTestExecutionListener, org.springframework.test.context.support.DependencyInjectionTestExecutionListener, org.springframework.test.context.support.DirtiesContextTestExecutionListener, org.springframework.test.context.transaction.TransactionalTestExecutionListener, org.springframework.test.context.jdbc.SqlScriptsTestExecutionListener, org.springframework.test.context.event.EventPublishingTestExecutionListener]
[2022-06-13 09:17:15.950] INFO  AbstractTestContextBootstrapper.getTestExecutionListeners(AbstractTestContextBootstrapper.java:174) - Using TestExecutionListeners: [org.springframework.test.context.support.DirtiesContextBeforeModesTestExecutionListener@3d285d7e, org.springframework.test.context.event.ApplicationEventsTestExecutionListener@40005471, org.springframework.test.context.support.DependencyInjectionTestExecutionListener@2cd76f31, org.springframework.test.context.support.DirtiesContextTestExecutionListener@367ffa75, org.springframework.test.context.transaction.TransactionalTestExecutionListener@49438269, org.springframework.test.context.jdbc.SqlScriptsTestExecutionListener@ba2f4ec, org.springframework.test.context.event.EventPublishingTestExecutionListener@1c1bbc4e]
[2022-06-13 09:17:15.997] ERROR TestContextManager.prepareTestInstance(TestContextManager.java:252) - Caught exception while allowing TestExecutionListener [org.springframework.test.context.support.DependencyInjectionTestExecutionListener@2cd76f31] to prepare test instance [com.pcwk.ehr.aspectj.AspectJBeforeTest@120f102b]
java.lang.IllegalStateException: Failed to load ApplicationContext
	at org.springframework.test.context.cache.DefaultCacheAwareContextLoaderDelegate.loadContext(DefaultCacheAwareContextLoaderDelegate.java:132) ~[spring-test-5.3.13.jar:5.3.13]
	at org.springframework.test.context.support.DefaultTestContext.getApplicationContext(DefaultTestContext.java:124) ~[spring-test-5.3.13.jar:5.3.13]
	at org.springframework.test.context.support.DependencyInjectionTestExecutionListener.injectDependencies(DependencyInjectionTestExecutionListener.java:118) ~[spring-test-5.3.13.jar:5.3.13]
	at org.springframework.test.context.support.DependencyInjectionTestExecutionListener.prepareTestInstance(DependencyInjectionTestExecutionListener.java:83) ~[spring-test-5.3.13.jar:5.3.13]
	at org.springframework.test.context.TestContextManager.prepareTestInstance(TestContextManager.java:248) [spring-test-5.3.13.jar:5.3.13]
	at org.springframework.test.context.junit4.SpringJUnit4ClassRunner.createTest(SpringJUnit4ClassRunner.java:227) [spring-test-5.3.13.jar:5.3.13]
	at org.springframework.test.context.junit4.SpringJUnit4ClassRunner$1.runReflectiveCall(SpringJUnit4ClassRunner.java:289) [spring-test-5.3.13.jar:5.3.13]
	at org.junit.internal.runners.model.ReflectiveCallable.run(ReflectiveCallable.java:12) [junit-4.13.1.jar:4.13.1]
	at org.springframework.test.context.junit4.SpringJUnit4ClassRunner.methodBlock(SpringJUnit4ClassRunner.java:291) [spring-test-5.3.13.jar:5.3.13]
	at org.springframework.test.context.junit4.SpringJUnit4ClassRunner.runChild(SpringJUnit4ClassRunner.java:246) [spring-test-5.3.13.jar:5.3.13]
	at org.springframework.test.context.junit4.SpringJUnit4ClassRunner.runChild(SpringJUnit4ClassRunner.java:97) [spring-test-5.3.13.jar:5.3.13]
	at org.junit.runners.ParentRunner$4.run(ParentRunner.java:331) [junit-4.13.1.jar:4.13.1]
	at org.junit.runners.ParentRunner$1.schedule(ParentRunner.java:79) [junit-4.13.1.jar:4.13.1]
	at org.junit.runners.ParentRunner.runChildren(ParentRunner.java:329) [junit-4.13.1.jar:4.13.1]
	at org.junit.runners.ParentRunner.access$100(ParentRunner.java:66) [junit-4.13.1.jar:4.13.1]
	at org.junit.runners.ParentRunner$2.evaluate(ParentRunner.java:293) [junit-4.13.1.jar:4.13.1]
	at org.springframework.test.context.junit4.statements.RunBeforeTestClassCallbacks.evaluate(RunBeforeTestClassCallbacks.java:61) [spring-test-5.3.13.jar:5.3.13]
	at org.springframework.test.context.junit4.statements.RunAfterTestClassCallbacks.evaluate(RunAfterTestClassCallbacks.java:70) [spring-test-5.3.13.jar:5.3.13]
	at org.junit.runners.ParentRunner$3.evaluate(ParentRunner.java:306) [junit-4.13.1.jar:4.13.1]
	at org.junit.runners.ParentRunner.run(ParentRunner.java:413) [junit-4.13.1.jar:4.13.1]
	at org.springframework.test.context.junit4.SpringJUnit4ClassRunner.run(SpringJUnit4ClassRunner.java:190) [spring-test-5.3.13.jar:5.3.13]
	at org.eclipse.jdt.internal.junit4.runner.JUnit4TestReference.run(JUnit4TestReference.java:89) [.cp/:?]
	at org.eclipse.jdt.internal.junit.runner.TestExecution.run(TestExecution.java:41) [.cp/:?]
	at org.eclipse.jdt.internal.junit.runner.RemoteTestRunner.runTests(RemoteTestRunner.java:542) [.cp/:?]
	at org.eclipse.jdt.internal.junit.runner.RemoteTestRunner.runTests(RemoteTestRunner.java:770) [.cp/:?]
	at org.eclipse.jdt.internal.junit.runner.RemoteTestRunner.run(RemoteTestRunner.java:464) [.cp/:?]
	at org.eclipse.jdt.internal.junit.runner.RemoteTestRunner.main(RemoteTestRunner.java:210) [.cp/:?]
Caused by: org.springframework.beans.factory.BeanDefinitionStoreException: IOException parsing XML document from class path resource [com/pcwk/ehr/aspectj/aspectj_before-applicationContext99.xml]; nested exception is java.io.FileNotFoundException: class path resource [com/pcwk/ehr/aspectj/aspectj_before-applicationContext99.xml] cannot be opened because it does not exist
	at org.springframework.beans.factory.xml.XmlBeanDefinitionReader.loadBeanDefinitions(XmlBeanDefinitionReader.java:342) ~[spring-beans-5.3.13.jar:5.3.13]
	at org.springframework.beans.factory.xml.XmlBeanDefinitionReader.loadBeanDefinitions(XmlBeanDefinitionReader.java:310) ~[spring-beans-5.3.13.jar:5.3.13]
	at org.springframework.beans.factory.support.AbstractBeanDefinitionReader.loadBeanDefinitions(AbstractBeanDefinitionReader.java:188) ~[spring-beans-5.3.13.jar:5.3.13]
	at org.springframework.beans.factory.support.AbstractBeanDefinitionReader.loadBeanDefinitions(AbstractBeanDefinitionReader.java:224) ~[spring-beans-5.3.13.jar:5.3.13]
	at org.springframework.beans.factory.support.AbstractBeanDefinitionReader.loadBeanDefinitions(AbstractBeanDefinitionReader.java:195) ~[spring-beans-5.3.13.jar:5.3.13]
	at org.springframework.beans.factory.support.AbstractBeanDefinitionReader.loadBeanDefinitions(AbstractBeanDefinitionReader.java:257) ~[spring-beans-5.3.13.jar:5.3.13]
	at org.springframework.test.context.support.AbstractGenericContextLoader.loadBeanDefinitions(AbstractGenericContextLoader.java:265) ~[spring-test-5.3.13.jar:5.3.13]
	at org.springframework.test.context.support.AbstractGenericContextLoader.loadContext(AbstractGenericContextLoader.java:122) ~[spring-test-5.3.13.jar:5.3.13]
	at org.springframework.test.context.support.AbstractGenericContextLoader.loadContext(AbstractGenericContextLoader.java:60) ~[spring-test-5.3.13.jar:5.3.13]
	at org.springframework.test.context.support.AbstractDelegatingSmartContextLoader.delegateLoading(AbstractDelegatingSmartContextLoader.java:275) ~[spring-test-5.3.13.jar:5.3.13]
	at org.springframework.test.context.support.AbstractDelegatingSmartContextLoader.loadContext(AbstractDelegatingSmartContextLoader.java:243) ~[spring-test-5.3.13.jar:5.3.13]
	at org.springframework.test.context.cache.DefaultCacheAwareContextLoaderDelegate.loadContextInternal(DefaultCacheAwareContextLoaderDelegate.java:99) ~[spring-test-5.3.13.jar:5.3.13]
	at org.springframework.test.context.cache.DefaultCacheAwareContextLoaderDelegate.loadContext(DefaultCacheAwareContextLoaderDelegate.java:124) ~[spring-test-5.3.13.jar:5.3.13]
	... 26 more
Caused by: java.io.FileNotFoundException: class path resource [com/pcwk/ehr/aspectj/aspectj_before-applicationContext99.xml] cannot be opened because it does not exist
	at org.springframework.core.io.ClassPathResource.getInputStream(ClassPathResource.java:199) ~[spring-core-5.3.13.jar:5.3.13]
	at org.springframework.beans.factory.xml.XmlBeanDefinitionReader.loadBeanDefinitions(XmlBeanDefinitionReader.java:333) ~[spring-beans-5.3.13.jar:5.3.13]
	at org.springframework.beans.factory.xml.XmlBeanDefinitionReader.loadBeanDefinitions(XmlBeanDefinitionReader.java:310) ~[spring-beans-5.3.13.jar:5.3.13]
	at org.springframework.beans.factory.support.AbstractBeanDefinitionReader.loadBeanDefinitions(AbstractBeanDefinitionReader.java:188) ~[spring-beans-5.3.13.jar:5.3.13]
	at org.springframework.beans.factory.support.AbstractBeanDefinitionReader.loadBeanDefinitions(AbstractBeanDefinitionReader.java:224) ~[spring-beans-5.3.13.jar:5.3.13]
	at org.springframework.beans.factory.support.AbstractBeanDefinitionReader.loadBeanDefinitions(AbstractBeanDefinitionReader.java:195) ~[spring-beans-5.3.13.jar:5.3.13]
	at org.springframework.beans.factory.support.AbstractBeanDefinitionReader.loadBeanDefinitions(AbstractBeanDefinitionReader.java:257) ~[spring-beans-5.3.13.jar:5.3.13]
	at org.springframework.test.context.support.AbstractGenericContextLoader.loadBeanDefinitions(AbstractGenericContextLoader.java:265) ~[spring-test-5.3.13.jar:5.3.13]
	at org.springframework.test.context.support.AbstractGenericContextLoader.loadContext(AbstractGenericContextLoader.java:122) ~[spring-test-5.3.13.jar:5.3.13]
	at org.springframework.test.context.support.AbstractGenericContextLoader.loadContext(AbstractGenericContextLoader.java:60) ~[spring-test-5.3.13.jar:5.3.13]
	at org.springframework.test.context.support.AbstractDelegatingSmartContextLoader.delegateLoading(AbstractDelegatingSmartContextLoader.java:275) ~[spring-test-5.3.13.jar:5.3.13]
	at org.springframework.test.context.support.AbstractDelegatingSmartContextLoader.loadContext(AbstractDelegatingSmartContextLoader.java:243) ~[spring-test-5.3.13.jar:5.3.13]
	at org.springframework.test.context.cache.DefaultCacheAwareContextLoaderDelegate.loadContextInternal(DefaultCacheAwareContextLoaderDelegate.java:99) ~[spring-test-5.3.13.jar:5.3.13]
	at org.springframework.test.context.cache.DefaultCacheAwareContextLoaderDelegate.loadContext(DefaultCacheAwareContextLoaderDelegate.java:124) ~[spring-test-5.3.13.jar:5.3.13]
	... 26 more
[2022-06-13 09:18:36.935] INFO  AbstractTestContextBootstrapper.getDefaultTestExecutionListenerClassNames(AbstractTestContextBootstrapper.java:245) - Loaded default TestExecutionListener class names from location [META-INF/spring.factories]: [org.springframework.test.context.web.ServletTestExecutionListener, org.springframework.test.context.support.DirtiesContextBeforeModesTestExecutionListener, org.springframework.test.context.event.ApplicationEventsTestExecutionListener, org.springframework.test.context.support.DependencyInjectionTestExecutionListener, org.springframework.test.context.support.DirtiesContextTestExecutionListener, org.springframework.test.context.transaction.TransactionalTestExecutionListener, org.springframework.test.context.jdbc.SqlScriptsTestExecutionListener, org.springframework.test.context.event.EventPublishingTestExecutionListener]
[2022-06-13 09:18:36.949] INFO  AbstractTestContextBootstrapper.getTestExecutionListeners(AbstractTestContextBootstrapper.java:174) - Using TestExecutionListeners: [org.springframework.test.context.support.DirtiesContextBeforeModesTestExecutionListener@2cd76f31, org.springframework.test.context.event.ApplicationEventsTestExecutionListener@367ffa75, org.springframework.test.context.support.DependencyInjectionTestExecutionListener@49438269, org.springframework.test.context.support.DirtiesContextTestExecutionListener@ba2f4ec, org.springframework.test.context.transaction.TransactionalTestExecutionListener@1c1bbc4e, org.springframework.test.context.jdbc.SqlScriptsTestExecutionListener@55fe41ea, org.springframework.test.context.event.EventPublishingTestExecutionListener@fbd1f6]
[2022-06-13 09:18:37.305] DEBUG AspectJBeforeTest.setUp(AspectJBeforeTest.java:32) - =====================
[2022-06-13 09:18:37.306] DEBUG AspectJBeforeTest.setUp(AspectJBeforeTest.java:33) - =0.setUp()=
[2022-06-13 09:18:37.306] DEBUG AspectJBeforeTest.setUp(AspectJBeforeTest.java:34) - =====================
[2022-06-13 09:18:37.308] DEBUG AspectJBeforeTest.setUp(AspectJBeforeTest.java:35) - context:org.springframework.context.support.GenericApplicationContext@31f9b85e, started on Mon Jun 13 09:18:37 KST 2022
[2022-06-13 09:18:37.309] DEBUG AspectJBeforeTest.setUp(AspectJBeforeTest.java:36) - member:com.pcwk.ehr.aspectj.MemberImpl@e383572
[2022-06-13 09:20:14.172] INFO  AbstractTestContextBootstrapper.getDefaultTestExecutionListenerClassNames(AbstractTestContextBootstrapper.java:245) - Loaded default TestExecutionListener class names from location [META-INF/spring.factories]: [org.springframework.test.context.web.ServletTestExecutionListener, org.springframework.test.context.support.DirtiesContextBeforeModesTestExecutionListener, org.springframework.test.context.event.ApplicationEventsTestExecutionListener, org.springframework.test.context.support.DependencyInjectionTestExecutionListener, org.springframework.test.context.support.DirtiesContextTestExecutionListener, org.springframework.test.context.transaction.TransactionalTestExecutionListener, org.springframework.test.context.jdbc.SqlScriptsTestExecutionListener, org.springframework.test.context.event.EventPublishingTestExecutionListener]
[2022-06-13 09:20:14.182] INFO  AbstractTestContextBootstrapper.getTestExecutionListeners(AbstractTestContextBootstrapper.java:174) - Using TestExecutionListeners: [org.springframework.test.context.support.DirtiesContextBeforeModesTestExecutionListener@2cd76f31, org.springframework.test.context.event.ApplicationEventsTestExecutionListener@367ffa75, org.springframework.test.context.support.DependencyInjectionTestExecutionListener@49438269, org.springframework.test.context.support.DirtiesContextTestExecutionListener@ba2f4ec, org.springframework.test.context.transaction.TransactionalTestExecutionListener@1c1bbc4e, org.springframework.test.context.jdbc.SqlScriptsTestExecutionListener@55fe41ea, org.springframework.test.context.event.EventPublishingTestExecutionListener@fbd1f6]
[2022-06-13 09:20:14.520] DEBUG AspectJBeforeTest.setUp(AspectJBeforeTest.java:32) - =====================
[2022-06-13 09:20:14.520] DEBUG AspectJBeforeTest.setUp(AspectJBeforeTest.java:33) - =0.setUp()=
[2022-06-13 09:20:14.520] DEBUG AspectJBeforeTest.setUp(AspectJBeforeTest.java:34) - =====================
[2022-06-13 09:20:14.522] DEBUG AspectJBeforeTest.setUp(AspectJBeforeTest.java:35) - context:org.springframework.context.support.GenericApplicationContext@31f9b85e, started on Mon Jun 13 09:20:14 KST 2022
[2022-06-13 09:20:14.523] DEBUG AspectJBeforeTest.setUp(AspectJBeforeTest.java:36) - member:com.pcwk.ehr.aspectj.MemberImpl@e383572
[2022-06-13 09:20:14.526] DEBUG LoggingAop.logging(LoggingAop.java:16) - =============================
[2022-06-13 09:20:14.526] DEBUG LoggingAop.logging(LoggingAop.java:17) - =methodName=doSave
[2022-06-13 09:20:14.526] DEBUG LoggingAop.logging(LoggingAop.java:18) - =============================
[2022-06-13 09:20:14.526] DEBUG MemberImpl.doSave(MemberImpl.java:10) - ------------------------
[2022-06-13 09:20:14.526] DEBUG MemberImpl.doSave(MemberImpl.java:11) - -doSave()-
[2022-06-13 09:20:14.526] DEBUG MemberImpl.doSave(MemberImpl.java:12) - ------------------------
[2022-06-13 09:21:13.679] INFO  AbstractTestContextBootstrapper.getDefaultTestExecutionListenerClassNames(AbstractTestContextBootstrapper.java:245) - Loaded default TestExecutionListener class names from location [META-INF/spring.factories]: [org.springframework.test.context.web.ServletTestExecutionListener, org.springframework.test.context.support.DirtiesContextBeforeModesTestExecutionListener, org.springframework.test.context.event.ApplicationEventsTestExecutionListener, org.springframework.test.context.support.DependencyInjectionTestExecutionListener, org.springframework.test.context.support.DirtiesContextTestExecutionListener, org.springframework.test.context.transaction.TransactionalTestExecutionListener, org.springframework.test.context.jdbc.SqlScriptsTestExecutionListener, org.springframework.test.context.event.EventPublishingTestExecutionListener]
[2022-06-13 09:21:13.689] INFO  AbstractTestContextBootstrapper.getTestExecutionListeners(AbstractTestContextBootstrapper.java:174) - Using TestExecutionListeners: [org.springframework.test.context.support.DirtiesContextBeforeModesTestExecutionListener@2cd76f31, org.springframework.test.context.event.ApplicationEventsTestExecutionListener@367ffa75, org.springframework.test.context.support.DependencyInjectionTestExecutionListener@49438269, org.springframework.test.context.support.DirtiesContextTestExecutionListener@ba2f4ec, org.springframework.test.context.transaction.TransactionalTestExecutionListener@1c1bbc4e, org.springframework.test.context.jdbc.SqlScriptsTestExecutionListener@55fe41ea, org.springframework.test.context.event.EventPublishingTestExecutionListener@fbd1f6]
[2022-06-13 09:21:14.016] DEBUG AspectJBeforeTest.setUp(AspectJBeforeTest.java:32) - =====================
[2022-06-13 09:21:14.016] DEBUG AspectJBeforeTest.setUp(AspectJBeforeTest.java:33) - =0.setUp()=
[2022-06-13 09:21:14.016] DEBUG AspectJBeforeTest.setUp(AspectJBeforeTest.java:34) - =====================
[2022-06-13 09:21:14.018] DEBUG AspectJBeforeTest.setUp(AspectJBeforeTest.java:35) - context:org.springframework.context.support.GenericApplicationContext@31f9b85e, started on Mon Jun 13 09:21:13 KST 2022
[2022-06-13 09:21:14.019] DEBUG AspectJBeforeTest.setUp(AspectJBeforeTest.java:36) - member:com.pcwk.ehr.aspectj.MemberImpl@e383572
[2022-06-13 09:21:14.022] DEBUG LoggingAop.logging(LoggingAop.java:16) - =============================
[2022-06-13 09:21:14.022] DEBUG LoggingAop.logging(LoggingAop.java:17) - =methodName=doSave
[2022-06-13 09:21:14.022] DEBUG LoggingAop.logging(LoggingAop.java:18) - =============================
[2022-06-13 09:21:14.022] DEBUG MemberImpl.doSave(MemberImpl.java:10) - ------------------------
[2022-06-13 09:21:14.022] DEBUG MemberImpl.doSave(MemberImpl.java:11) - -doSave()-
[2022-06-13 09:21:14.023] DEBUG MemberImpl.doSave(MemberImpl.java:12) - ------------------------
[2022-06-13 09:21:14.023] DEBUG MemberImpl.delete(MemberImpl.java:26) - ------------------------
[2022-06-13 09:21:14.023] DEBUG MemberImpl.delete(MemberImpl.java:27) - -doDelete()-
[2022-06-13 09:21:14.023] DEBUG MemberImpl.delete(MemberImpl.java:28) - ------------------------
[2022-06-13 09:21:41.936] INFO  AbstractTestContextBootstrapper.getDefaultTestExecutionListenerClassNames(AbstractTestContextBootstrapper.java:245) - Loaded default TestExecutionListener class names from location [META-INF/spring.factories]: [org.springframework.test.context.web.ServletTestExecutionListener, org.springframework.test.context.support.DirtiesContextBeforeModesTestExecutionListener, org.springframework.test.context.event.ApplicationEventsTestExecutionListener, org.springframework.test.context.support.DependencyInjectionTestExecutionListener, org.springframework.test.context.support.DirtiesContextTestExecutionListener, org.springframework.test.context.transaction.TransactionalTestExecutionListener, org.springframework.test.context.jdbc.SqlScriptsTestExecutionListener, org.springframework.test.context.event.EventPublishingTestExecutionListener]
[2022-06-13 09:21:41.945] INFO  AbstractTestContextBootstrapper.getTestExecutionListeners(AbstractTestContextBootstrapper.java:174) - Using TestExecutionListeners: [org.springframework.test.context.support.DirtiesContextBeforeModesTestExecutionListener@2cd76f31, org.springframework.test.context.event.ApplicationEventsTestExecutionListener@367ffa75, org.springframework.test.context.support.DependencyInjectionTestExecutionListener@49438269, org.springframework.test.context.support.DirtiesContextTestExecutionListener@ba2f4ec, org.springframework.test.context.transaction.TransactionalTestExecutionListener@1c1bbc4e, org.springframework.test.context.jdbc.SqlScriptsTestExecutionListener@55fe41ea, org.springframework.test.context.event.EventPublishingTestExecutionListener@fbd1f6]
[2022-06-13 09:21:42.277] DEBUG AspectJBeforeTest.setUp(AspectJBeforeTest.java:32) - =====================
[2022-06-13 09:21:42.277] DEBUG AspectJBeforeTest.setUp(AspectJBeforeTest.java:33) - =0.setUp()=
[2022-06-13 09:21:42.277] DEBUG AspectJBeforeTest.setUp(AspectJBeforeTest.java:34) - =====================
[2022-06-13 09:21:42.279] DEBUG AspectJBeforeTest.setUp(AspectJBeforeTest.java:35) - context:org.springframework.context.support.GenericApplicationContext@31f9b85e, started on Mon Jun 13 09:21:42 KST 2022
[2022-06-13 09:21:42.280] DEBUG AspectJBeforeTest.setUp(AspectJBeforeTest.java:36) - member:com.pcwk.ehr.aspectj.MemberImpl@e383572
[2022-06-13 09:21:42.283] DEBUG LoggingAop.logging(LoggingAop.java:16) - =============================
[2022-06-13 09:21:42.283] DEBUG LoggingAop.logging(LoggingAop.java:17) - =methodName=doSave
[2022-06-13 09:21:42.283] DEBUG LoggingAop.logging(LoggingAop.java:18) - =============================
[2022-06-13 09:21:42.283] DEBUG MemberImpl.doSave(MemberImpl.java:10) - ------------------------
[2022-06-13 09:21:42.283] DEBUG MemberImpl.doSave(MemberImpl.java:11) - -doSave()-
[2022-06-13 09:21:42.284] DEBUG MemberImpl.doSave(MemberImpl.java:12) - ------------------------
[2022-06-13 09:21:42.284] DEBUG MemberImpl.delete(MemberImpl.java:26) - ------------------------
[2022-06-13 09:21:42.284] DEBUG MemberImpl.delete(MemberImpl.java:27) - -doDelete()-
[2022-06-13 09:21:42.284] DEBUG MemberImpl.delete(MemberImpl.java:28) - ------------------------
[2022-06-13 09:21:42.284] DEBUG LoggingAop.logging(LoggingAop.java:16) - =============================
[2022-06-13 09:21:42.284] DEBUG LoggingAop.logging(LoggingAop.java:17) - =methodName=doUpdate
[2022-06-13 09:21:42.284] DEBUG LoggingAop.logging(LoggingAop.java:18) - =============================
[2022-06-13 09:21:42.284] DEBUG MemberImpl.doUpdate(MemberImpl.java:18) - ------------------------
[2022-06-13 09:21:42.284] DEBUG MemberImpl.doUpdate(MemberImpl.java:19) - -doUpdate()-
[2022-06-13 09:21:42.285] DEBUG MemberImpl.doUpdate(MemberImpl.java:20) - ------------------------
[2022-06-13 09:26:38.645] INFO  AbstractTestContextBootstrapper.getDefaultTestExecutionListenerClassNames(AbstractTestContextBootstrapper.java:245) - Loaded default TestExecutionListener class names from location [META-INF/spring.factories]: [org.springframework.test.context.web.ServletTestExecutionListener, org.springframework.test.context.support.DirtiesContextBeforeModesTestExecutionListener, org.springframework.test.context.event.ApplicationEventsTestExecutionListener, org.springframework.test.context.support.DependencyInjectionTestExecutionListener, org.springframework.test.context.support.DirtiesContextTestExecutionListener, org.springframework.test.context.transaction.TransactionalTestExecutionListener, org.springframework.test.context.jdbc.SqlScriptsTestExecutionListener, org.springframework.test.context.event.EventPublishingTestExecutionListener]
[2022-06-13 09:26:38.655] INFO  AbstractTestContextBootstrapper.getTestExecutionListeners(AbstractTestContextBootstrapper.java:174) - Using TestExecutionListeners: [org.springframework.test.context.support.DirtiesContextBeforeModesTestExecutionListener@2cd76f31, org.springframework.test.context.event.ApplicationEventsTestExecutionListener@367ffa75, org.springframework.test.context.support.DependencyInjectionTestExecutionListener@49438269, org.springframework.test.context.support.DirtiesContextTestExecutionListener@ba2f4ec, org.springframework.test.context.transaction.TransactionalTestExecutionListener@1c1bbc4e, org.springframework.test.context.jdbc.SqlScriptsTestExecutionListener@55fe41ea, org.springframework.test.context.event.EventPublishingTestExecutionListener@fbd1f6]
[2022-06-13 09:26:39.024] DEBUG AspectJAfterTest.setUp(AspectJAfterTest.java:32) - =====================
[2022-06-13 09:26:39.024] DEBUG AspectJAfterTest.setUp(AspectJAfterTest.java:33) - =0.setUp()=
[2022-06-13 09:26:39.024] DEBUG AspectJAfterTest.setUp(AspectJAfterTest.java:34) - =====================
[2022-06-13 09:26:39.026] DEBUG AspectJAfterTest.setUp(AspectJAfterTest.java:36) - context:org.springframework.context.support.GenericApplicationContext@31f9b85e, started on Mon Jun 13 09:26:38 KST 2022
[2022-06-13 09:26:39.028] DEBUG AspectJAfterTest.setUp(AspectJAfterTest.java:37) - member:com.pcwk.ehr.aspectj.MemberImpl@5ddf0d24
[2022-06-13 09:26:39.029] DEBUG MemberImpl.doSave(MemberImpl.java:10) - ------------------------
[2022-06-13 09:26:39.029] DEBUG MemberImpl.doSave(MemberImpl.java:11) - -doSave()-
[2022-06-13 09:26:39.029] DEBUG MemberImpl.doSave(MemberImpl.java:12) - ------------------------
[2022-06-13 09:26:39.030] DEBUG LoggingAop.logging(LoggingAop.java:16) - =============================
[2022-06-13 09:26:39.031] DEBUG LoggingAop.logging(LoggingAop.java:17) - =methodName=doSave
[2022-06-13 09:26:39.031] DEBUG LoggingAop.logging(LoggingAop.java:18) - =============================
[2022-06-13 09:26:39.031] DEBUG MemberImpl.doUpdate(MemberImpl.java:18) - ------------------------
[2022-06-13 09:26:39.031] DEBUG MemberImpl.doUpdate(MemberImpl.java:19) - -doUpdate()-
[2022-06-13 09:26:39.031] DEBUG MemberImpl.doUpdate(MemberImpl.java:20) - ------------------------
[2022-06-13 09:26:39.031] DEBUG LoggingAop.logging(LoggingAop.java:16) - =============================
[2022-06-13 09:26:39.031] DEBUG LoggingAop.logging(LoggingAop.java:17) - =methodName=doUpdate
[2022-06-13 09:26:39.031] DEBUG LoggingAop.logging(LoggingAop.java:18) - =============================
[2022-06-13 09:26:39.031] DEBUG MemberImpl.delete(MemberImpl.java:26) - ------------------------
[2022-06-13 09:26:39.032] DEBUG MemberImpl.delete(MemberImpl.java:27) - -doDelete()-
[2022-06-13 09:26:39.032] DEBUG MemberImpl.delete(MemberImpl.java:28) - ------------------------
